<?xml version="1.0" encoding="UTF-8"?>
<!-- Generated by org.testng.reporters.JUnitXMLReporter -->
<testsuite ignored="0" hostname="Laptop-Myrine" failures="0" tests="8" name="Default test" time="0.045" errors="0" timestamp="2024-10-22T11:37:10 MESZ">
  <testcase classname="testNG.TestCalculation" name="testCube" time="0.01"/>
  <testcase classname="testNG.TestCalculation" name="testCube2" time="0.0"/>
  <testcase classname="testNG.TestCalculation" name="testFindMax" time="0.001"/>
  <testcase classname="testNG.TestCalculation" name="testFindMax2" time="0.001"/>
  <testcase classname="testNG.TestCalculation" name="testReverseWord" time="0.001"/>
  <testcase classname="testNG.TestCalculation" name="testReverseWord2" time="0.002"/>
  <testcase classname="testNG.TestCalculation" name="testToThePowerOf" time="0.001"/>
  <testcase classname="testNG.TestCalculation" name="testToThePowerOf2" time="0.0"/>
</testsuite> <!-- Default test -->
