<?xml version="1.0" encoding="UTF-8"?>
<testng-results ignored="0" total="8" passed="8" failed="0" skipped="0">
  <reporter-output>
  </reporter-output>
  <suite started-at="2024-10-22T11:25:49 MESZ" name="Default suite" finished-at="2024-10-22T11:25:49 MESZ" duration-ms="106">
    <groups>
    </groups>
    <test started-at="2024-10-22T11:25:49 MESZ" name="Default test" finished-at="2024-10-22T11:25:49 MESZ" duration-ms="106">
      <class name="testNG.TestCalculation">
        <test-method signature="testCube()[pri:0, instance:testNG.TestCalculation@193f604a]" started-at="2024-10-22T11:25:49 MESZ" name="testCube" finished-at="2024-10-22T11:25:49 MESZ" duration-ms="22" status="PASS">
          <reporter-output>
          </reporter-output>
        </test-method> <!-- testCube -->
        <test-method signature="testCube2()[pri:0, instance:testNG.TestCalculation@193f604a]" started-at="2024-10-22T11:25:49 MESZ" name="testCube2" finished-at="2024-10-22T11:25:49 MESZ" duration-ms="2" status="PASS">
          <reporter-output>
          </reporter-output>
        </test-method> <!-- testCube2 -->
        <test-method signature="testFindMax()[pri:0, instance:testNG.TestCalculation@193f604a]" started-at="2024-10-22T11:25:49 MESZ" name="testFindMax" finished-at="2024-10-22T11:25:49 MESZ" duration-ms="1" status="PASS">
          <reporter-output>
          </reporter-output>
        </test-method> <!-- testFindMax -->
        <test-method signature="testFindMax2()[pri:0, instance:testNG.TestCalculation@193f604a]" started-at="2024-10-22T11:25:49 MESZ" name="testFindMax2" finished-at="2024-10-22T11:25:49 MESZ" duration-ms="1" status="PASS">
          <reporter-output>
          </reporter-output>
        </test-method> <!-- testFindMax2 -->
        <test-method signature="testReverseWord()[pri:0, instance:testNG.TestCalculation@193f604a]" started-at="2024-10-22T11:25:49 MESZ" name="testReverseWord" finished-at="2024-10-22T11:25:49 MESZ" duration-ms="1" status="PASS">
          <reporter-output>
          </reporter-output>
        </test-method> <!-- testReverseWord -->
        <test-method signature="testReverseWord2()[pri:0, instance:testNG.TestCalculation@193f604a]" started-at="2024-10-22T11:25:49 MESZ" name="testReverseWord2" finished-at="2024-10-22T11:25:49 MESZ" duration-ms="3" status="PASS">
          <reporter-output>
          </reporter-output>
        </test-method> <!-- testReverseWord2 -->
        <test-method signature="testToThePowerOf()[pri:0, instance:testNG.TestCalculation@193f604a]" started-at="2024-10-22T11:25:49 MESZ" name="testToThePowerOf" finished-at="2024-10-22T11:25:49 MESZ" duration-ms="2" status="PASS">
          <reporter-output>
          </reporter-output>
        </test-method> <!-- testToThePowerOf -->
        <test-method signature="testToThePowerOf2()[pri:0, instance:testNG.TestCalculation@193f604a]" started-at="2024-10-22T11:25:49 MESZ" name="testToThePowerOf2" finished-at="2024-10-22T11:25:49 MESZ" duration-ms="1" status="PASS">
          <reporter-output>
          </reporter-output>
        </test-method> <!-- testToThePowerOf2 -->
      </class> <!-- testNG.TestCalculation -->
    </test> <!-- Default test -->
  </suite> <!-- Default suite -->
</testng-results>
